Daily activity on Fri Sep 19 12:52:53 UTC 2025
Daily activity on Sat Sep 20 06:17:30 UTC 2025
Daily activity on Sun Sep 21 06:18:11 UTC 2025
Daily activity on Mon Sep 22 06:21:01 UTC 2025
Daily activity on Tue Sep 23 06:20:15 UTC 2025
Daily activity on Wed Sep 24 06:19:55 UTC 2025
Daily activity on Thu Sep 25 06:20:24 UTC 2025
Daily activity on Fri Sep 26 06:19:32 UTC 2025
Daily activity on Sat Sep 27 06:16:50 UTC 2025
Daily activity on Sun Sep 28 06:18:08 UTC 2025
Daily activity on Mon Sep 29 06:21:19 UTC 2025
Daily activity on Tue Sep 30 06:20:35 UTC 2025
Daily activity on Wed Oct  1 06:19:54 UTC 2025
Daily activity on Thu Oct  2 06:19:36 UTC 2025
Daily activity on Fri Oct  3 06:19:04 UTC 2025
Daily activity on Sat Oct  4 06:17:26 UTC 2025
Daily activity on Sun Oct  5 06:17:22 UTC 2025
Daily activity on Mon Oct  6 06:20:34 UTC 2025
Daily activity on Tue Oct  7 06:19:44 UTC 2025
Daily activity on Wed Oct  8 06:20:08 UTC 2025
